<annotation>
	<folder>data</folder>
	<filename>test-1.jpg</filename>
	<path>/Users/philipp/Projects/ml/tensorflow/objection_detection/data/test-1.jpg</path>
	<source>
		<database>Unknown</database>
	</source>
	<size>
		<width>1653</width>
		<height>2339</height>
		<depth>1</depth>
	</size>
	<segmented>0</segmented>
	<object>
		<name>barcode</name>
		<pose>Unspecified</pose>
		<truncated>0</truncated>
		<difficult>0</difficult>
		<bndbox>
			<xmin>278</xmin>
			<ymin>37</ymin>
			<xmax>866</xmax>
			<ymax>231</ymax>
		</bndbox>
	</object>
	<object>
		<name>table</name>
		<pose>Unspecified</pose>
		<truncated>0</truncated>
		<difficult>0</difficult>
		<bndbox>
			<xmin>151</xmin>
			<ymin>996</ymin>
			<xmax>1639</xmax>
			<ymax>2119</ymax>
		</bndbox>
	</object>
	<object>
		<name>company_address</name>
		<pose>Unspecified</pose>
		<truncated>0</truncated>
		<difficult>0</difficult>
		<bndbox>
			<xmin>134</xmin>
			<ymin>254</ymin>
			<xmax>824</xmax>
			<ymax>469</ymax>
		</bndbox>
	</object>
	<object>
		<name>detail</name>
		<pose>Unspecified</pose>
		<truncated>0</truncated>
		<difficult>0</difficult>
		<bndbox>
			<xmin>905</xmin>
			<ymin>271</ymin>
			<xmax>1612</xmax>
			<ymax>550</ymax>
		</bndbox>
	</object>
</annotation>
