<annotation>
	<folder>data</folder>
	<filename>test-2.jpg</filename>
	<path>/Users/philipp/Projects/ml/tensorflow/objection_detection/data/test-2.jpg</path>
	<source>
		<database>Unknown</database>
	</source>
	<size>
		<width>1653</width>
		<height>2339</height>
		<depth>1</depth>
	</size>
	<segmented>0</segmented>
	<object>
		<name>barcode</name>
		<pose>Unspecified</pose>
		<truncated>0</truncated>
		<difficult>0</difficult>
		<bndbox>
			<xmin>228</xmin>
			<ymin>26</ymin>
			<xmax>848</xmax>
			<ymax>255</ymax>
		</bndbox>
	</object>
	<object>
		<name>barcode</name>
		<pose>Unspecified</pose>
		<truncated>0</truncated>
		<difficult>0</difficult>
		<bndbox>
			<xmin>940</xmin>
			<ymin>23</ymin>
			<xmax>1563</xmax>
			<ymax>220</ymax>
		</bndbox>
	</object>
	<object>
		<name>barcode</name>
		<pose>Unspecified</pose>
		<truncated>0</truncated>
		<difficult>0</difficult>
		<bndbox>
			<xmin>168</xmin>
			<ymin>2077</ymin>
			<xmax>1006</xmax>
			<ymax>2286</ymax>
		</bndbox>
	</object>
	<object>
		<name>table</name>
		<pose>Unspecified</pose>
		<truncated>0</truncated>
		<difficult>0</difficult>
		<bndbox>
			<xmin>143</xmin>
			<ymin>646</ymin>
			<xmax>1634</xmax>
			<ymax>1803</ymax>
		</bndbox>
	</object>
	<object>
		<name>company_address</name>
		<pose>Unspecified</pose>
		<truncated>0</truncated>
		<difficult>0</difficult>
		<bndbox>
			<xmin>114</xmin>
			<ymin>280</ymin>
			<xmax>806</xmax>
			<ymax>500</ymax>
		</bndbox>
	</object>
	<object>
		<name>detail</name>
		<pose>Unspecified</pose>
		<truncated>0</truncated>
		<difficult>0</difficult>
		<bndbox>
			<xmin>920</xmin>
			<ymin>277</ymin>
			<xmax>1600</xmax>
			<ymax>535</ymax>
		</bndbox>
	</object>
</annotation>
